[22:42:28] [WARNING] mysql_connect: no password specified (C:\Users\Michael\Desktop\rpg-city-remake\GTA-City-Remake\pawn\include\/../../gamemodes/mysql.pwn:15 -> gtacity.pwn:31)
[22:44:08] [WARNING] mysql_connect: no password specified
[22:49:10] [WARNING] mysql_connect: no password specified
[22:49:15] [ERROR] mysql_format: destination size '256' is too small
[22:49:15] [ERROR] error #1065 while executing query "": Query was empty
[22:49:15] [ERROR] cache_insert_id: no active cache
[22:49:31] [WARNING] mysql_connect: no password specified
[22:51:11] [WARNING] mysql_connect: no password specified (C:\Users\Michael\Desktop\rpg-city-remake\GTA-City-Remake\pawn\include\/../../gamemodes/mysql.pwn:15 -> gtacity.pwn:31)
[22:51:33] [WARNING] mysql_connect: no password specified (C:\Users\Michael\Desktop\rpg-city-remake\GTA-City-Remake\pawn\include\/../../gamemodes/mysql.pwn:15 -> gtacity.pwn:31)
[22:55:08] [WARNING] mysql_connect: no password specified
[22:55:15] [ERROR] cache_insert_id: no active cache
[22:55:37] [WARNING] mysql_connect: no password specified
[22:55:40] [ERROR] cache_get_value_name: no active cache
[22:55:40] [ERROR] cache_get_row_count: no active cache
[22:55:43] [ERROR] cache_get_value_name: no active cache
[22:55:43] [ERROR] cache_get_row_count: no active cache
[22:56:51] [WARNING] mysql_connect: no password specified
[22:56:54] [ERROR] cache_get_value_name: no active cache
[22:56:54] [ERROR] cache_get_row_count: no active cache
[22:57:30] [WARNING] mysql_connect: no password specified
[22:57:33] [ERROR] cache_get_value_name: no active cache
[22:57:33] [ERROR] cache_get_row_count: no active cache
[23:09:16] [ERROR] cache_get_value_name: no active cache
[23:09:16] [ERROR] cache_get_row_count: no active cache
[23:09:19] [ERROR] cache_get_value_name: no active cache
[23:09:19] [ERROR] cache_get_row_count: no active cache
[23:12:11] [WARNING] mysql_connect: no password specified
[23:18:34] [WARNING] mysql_connect: no password specified
[23:18:58] [WARNING] mysql_connect: no password specified
[23:19:17] [WARNING] mysql_connect: no password specified
[23:26:07] [WARNING] mysql_connect: no password specified
[23:26:43] [WARNING] mysql_connect: no password specified
[23:27:53] [WARNING] mysql_connect: no password specified
[23:28:32] [WARNING] mysql_connect: no password specified
[23:29:58] [WARNING] mysql_connect: no password specified
